[2023-09-14 23:50:49] local.ERROR: Dapr Create Message  
[2023-09-14 23:50:49] local.ERROR: {"pubsubname":"otodapr-pubsub-topics","topic":"orders","routes":"[\"\\\/api\\\/dapr\\\/receive\"]"}  
[2023-09-14 23:59:20] local.ERROR: Dapr Create Message  
[2023-09-14 23:59:20] local.ERROR: Dapr Create Message  
[2023-09-14 23:59:20] local.ERROR: {"data":{"orderId":"100"},"datacontenttype":"application\/cloudevents+json","id":"someCloudEventId","pubsubname":"otodapr-pubsub-topics","source":"testcloudeventspubsub","specversion":"1.0","subject":"Message from publisher","time":"2021-08-02T09:00:00Z","topic":"orders","traceid":"00-00000000000000000000000000000000-0000000000000000-00","traceparent":"00-00000000000000000000000000000000-0000000000000000-00","tracestate":null,"type":"create"}  
[2023-09-14 23:59:20] local.ERROR: {"data":{"orderId":"100"},"datacontenttype":"application\/cloudevents+json","id":"someCloudEventId","pubsubname":"otodapr-pubsub-topics","source":"testcloudeventspubsub","specversion":"1.0","subject":"Message from publisher","time":"2021-08-02T09:00:00Z","topic":"orders","traceid":"00-00000000000000000000000000000000-0000000000000000-00","traceparent":"00-00000000000000000000000000000000-0000000000000000-00","tracestate":null,"type":"create"}  
[2023-09-15 00:07:44] local.ERROR: Dapr Create Message  
[2023-09-15 00:07:44] local.ERROR: {"data":{"orderId":"100"},"datacontenttype":"application\/cloudevents+json","id":"someCloudEventId","pubsubname":"otodapr-pubsub-topics","source":"testcloudeventspubsub","specversion":"1.0","subject":"Message from publisher","time":"2021-08-02T09:00:00Z","topic":"orders","traceid":"00-00000000000000000000000000000000-0000000000000000-00","traceparent":"00-00000000000000000000000000000000-0000000000000000-00","tracestate":null,"type":"create"}  
[2023-09-15 00:34:43] local.ERROR: Dapr Create Message  
[2023-09-15 00:34:43] local.ERROR: {"data":{"orderId":"100"},"datacontenttype":"application\/cloudevents+json","id":"someCloudEventId","pubsubname":"otodapr-pubsub-topics","source":"testcloudeventspubsub","specversion":"1.0","subject":"Message from publisher","time":"2021-08-02T09:00:00Z","topic":"orders","traceid":"00-00000000000000000000000000000000-0000000000000000-00","traceparent":"00-00000000000000000000000000000000-0000000000000000-00","tracestate":null,"type":"create"}  
[2023-09-15 04:05:16] local.ERROR: Dapr Create Message  
[2023-09-15 04:05:16] local.ERROR: {"data":{"orderId":"100"},"datacontenttype":"application\/cloudevents+json","id":"someCloudEventId","pubsubname":"otodapr-pubsub-topics","source":"testcloudeventspubsub","specversion":"1.0","subject":"Message from publisher","time":"2021-08-02T09:00:00Z","topic":"orders","traceid":"00-00000000000000000000000000000000-0000000000000000-00","traceparent":"00-00000000000000000000000000000000-0000000000000000-00","tracestate":null,"type":"create"}  
[2023-09-15 04:07:42] local.ERROR: Dapr Create Message  
[2023-09-15 04:07:42] local.ERROR: {"data":{"orderId":"100"},"datacontenttype":"application\/cloudevents+json","id":"someCloudEventId","pubsubname":"otodapr-pubsub-topics","source":"testcloudeventspubsub","specversion":"1.0","subject":"Message from publisher","time":"2021-08-02T09:00:00Z","topic":"orders","traceid":"00-00000000000000000000000000000000-0000000000000000-00","traceparent":"00-00000000000000000000000000000000-0000000000000000-00","tracestate":null,"type":"create"}  
[2023-09-15 04:09:38] local.ERROR: Dapr Create Message  
[2023-09-15 04:09:38] local.ERROR: {"data":{"orderId":{"orderId":"100"}},"datacontenttype":"application\/cloudevents+json","id":"someCloudEventId","pubsubname":"otodapr-pubsub-topics","source":"testcloudeventspubsub","specversion":"1.0","subject":"Message from publisher","time":"2021-08-02T09:00:00Z","topic":"orders","traceid":"00-00000000000000000000000000000000-0000000000000000-00","traceparent":"00-00000000000000000000000000000000-0000000000000000-00","tracestate":null,"type":"create"}  
[2023-09-15 04:10:17] local.ERROR: Dapr Create Message  
[2023-09-15 04:10:17] local.ERROR: {"data":[{"orderId":"100"}],"datacontenttype":"application\/cloudevents+json","id":"someCloudEventId","pubsubname":"otodapr-pubsub-topics","source":"testcloudeventspubsub","specversion":"1.0","subject":"Message from publisher","time":"2021-08-02T09:00:00Z","topic":"orders","traceid":"00-00000000000000000000000000000000-0000000000000000-00","traceparent":"00-00000000000000000000000000000000-0000000000000000-00","tracestate":null,"type":"create"}  
[2023-09-15 04:10:33] local.ERROR: Dapr Create Message  
[2023-09-15 04:10:33] local.ERROR: {"data":[{"orderId":"200"}],"datacontenttype":"application\/cloudevents+json","id":"someCloudEventId","pubsubname":"otodapr-pubsub-topics","source":"testcloudeventspubsub","specversion":"1.0","subject":"Message from publisher","time":"2021-08-02T09:00:00Z","topic":"orders","traceid":"00-00000000000000000000000000000000-0000000000000000-00","traceparent":"00-00000000000000000000000000000000-0000000000000000-00","tracestate":null,"type":"create"}  
[2023-09-15 04:15:32] local.ERROR: DaprReceive  
[2023-09-15 04:15:32] local.ERROR: {"data":[{"orderId":"300"}],"datacontenttype":"application\/cloudevents+json","id":"someCloudEventId","pubsubname":"otodapr-pubsub-topics","source":"testcloudeventspubsub","specversion":"1.0","subject":"Message from publisher","time":"2021-08-02T09:00:00Z","topic":"orders","traceid":"00-00000000000000000000000000000000-0000000000000000-00","traceparent":"00-00000000000000000000000000000000-0000000000000000-00","tracestate":null,"type":"cancel"}  
[2023-09-15 04:16:36] local.ERROR: DaprReceive  
[2023-09-15 04:16:36] local.ERROR: {"data":[{"orderId":"400"}],"datacontenttype":"application\/cloudevents+json","id":"someCloudEventId","pubsubname":"otodapr-pubsub-topics","source":"testcloudeventspubsub","specversion":"1.0","subject":"Message from publisher","time":"2021-08-02T09:00:00Z","topic":"orders","traceid":"00-00000000000000000000000000000000-0000000000000000-00","traceparent":"00-00000000000000000000000000000000-0000000000000000-00","tracestate":null,"type":"cancel"}  
[2023-09-15 04:18:36] local.ERROR: Dapr Cancel Message  
[2023-09-15 04:18:36] local.ERROR: {"data":[{"orderId":"400"}],"datacontenttype":"application\/cloudevents+json","id":"someCloudEventId","pubsubname":"otodapr-pubsub-topics","source":"testcloudeventspubsub","specversion":"1.0","subject":"Message from publisher","time":"2021-08-02T09:00:00Z","topic":"orders","traceid":"00-00000000000000000000000000000000-0000000000000000-00","traceparent":"00-00000000000000000000000000000000-0000000000000000-00","tracestate":null,"type":"cancel"}  
